execve("/usr/bin/cat", ["/usr/bin/cat"], 0x7ffd2cd14810 /* 66 vars */) = 0
brk(NULL)                               = 0x559199ec1000
arch_prctl(0x3001 /* ARCH_??? */, 0x7ffcc8993b50) = -1 EINVAL (Invalid argument)
mmap(NULL, 8192, PROT_READ|PROT_WRITE, MAP_PRIVATE|MAP_ANONYMOUS, -1, 0) = 0x7f09738d9000
access("/etc/ld.so.preload", R_OK)      = -1 ENOENT (No such file or directory)
openat(AT_FDCWD, "/etc/ld.so.cache", O_RDONLY|O_CLOEXEC) = 3
newfstatat(3, "", {st_mode=S_IFREG|0644, st_size=99991, ...}, AT_EMPTY_PATH) = 0
mmap(NULL, 99991, PROT_READ, MAP_PRIVATE, 3, 0) = 0x7f09738c0000
close(3)                                = 0
openat(AT_FDCWD, "/lib/x86_64-linux-gnu/libc.so.6", O_RDONLY|O_CLOEXEC) = 3
read(3, "\177ELF\2\1\1\3\0\0\0\0\0\0\0\0\3\0>\0\1\0\0\0P\237\2\0\0\0\0\0"..., 832) = 832
pread64(3, "\6\0\0\0\4\0\0\0@\0\0\0\0\0\0\0@\0\0\0\0\0\0\0@\0\0\0\0\0\0\0"..., 784, 64) = 784
pread64(3, "\4\0\0\0 \0\0\0\5\0\0\0GNU\0\2\0\0\300\4\0\0\0\3\0\0\0\0\0\0\0"..., 48, 848) = 48
pread64(3, "\4\0\0\0\24\0\0\0\3\0\0\0GNU\0I\17\357\204\3$\f\221\2039x\324\224\323\236S"..., 68, 896) = 68
newfstatat(3, "", {st_mode=S_IFREG|0755, st_size=2220400, ...}, AT_EMPTY_PATH) = 0
pread64(3, "\6\0\0\0\4\0\0\0@\0\0\0\0\0\0\0@\0\0\0\0\0\0\0@\0\0\0\0\0\0\0"..., 784, 64) = 784
mmap(NULL, 2264656, PROT_READ, MAP_PRIVATE|MAP_DENYWRITE, 3, 0) = 0x7f0973697000
mprotect(0x7f09736bf000, 2023424, PROT_NONE) = 0
mmap(0x7f09736bf000, 1658880, PROT_READ|PROT_EXEC, MAP_PRIVATE|MAP_FIXED|MAP_DENYWRITE, 3, 0x28000) = 0x7f09736bf000
mmap(0x7f0973854000, 360448, PROT_READ, MAP_PRIVATE|MAP_FIXED|MAP_DENYWRITE, 3, 0x1bd000) = 0x7f0973854000
mmap(0x7f09738ad000, 24576, PROT_READ|PROT_WRITE, MAP_PRIVATE|MAP_FIXED|MAP_DENYWRITE, 3, 0x215000) = 0x7f09738ad000
mmap(0x7f09738b3000, 52816, PROT_READ|PROT_WRITE, MAP_PRIVATE|MAP_FIXED|MAP_ANONYMOUS, -1, 0) = 0x7f09738b3000
close(3)                                = 0
mmap(NULL, 12288, PROT_READ|PROT_WRITE, MAP_PRIVATE|MAP_ANONYMOUS, -1, 0) = 0x7f0973694000
arch_prctl(ARCH_SET_FS, 0x7f0973694740) = 0
set_tid_address(0x7f0973694a10)         = 2083443
set_robust_list(0x7f0973694a20, 24)     = 0
rseq(0x7f09736950e0, 0x20, 0, 0x53053053) = 0
mprotect(0x7f09738ad000, 16384, PROT_READ) = 0
mprotect(0x559199c7a000, 4096, PROT_READ) = 0
mprotect(0x7f0973913000, 8192, PROT_READ) = 0
prlimit64(0, RLIMIT_STACK, NULL, {rlim_cur=8192*1024, rlim_max=RLIM64_INFINITY}) = 0
munmap(0x7f09738c0000, 99991)           = 0
getrandom("\xdc\x63\x26\xab\x73\x35\x2b\x28", 8, GRND_NONBLOCK) = 8
brk(NULL)                               = 0x559199ec1000
brk(0x559199ee2000)                     = 0x559199ee2000
openat(AT_FDCWD, "/usr/lib/locale/locale-archive", O_RDONLY|O_CLOEXEC) = 3
newfstatat(3, "", {st_mode=S_IFREG|0644, st_size=126400336, ...}, AT_EMPTY_PATH) = 0
mmap(NULL, 126400336, PROT_READ, MAP_PRIVATE, 3, 0) = 0x7f096be08000
close(3)                                = 0
newfstatat(1, "", {st_mode=S_IFIFO|0600, st_size=0, ...}, AT_EMPTY_PATH) = 0
newfstatat(0, "", {st_mode=S_IFREG|0777, st_size=21, ...}, AT_EMPTY_PATH) = 0
fadvise64(0, 0, 0, POSIX_FADV_SEQUENTIAL) = 0
mmap(NULL, 139264, PROT_READ|PROT_WRITE, MAP_PRIVATE|MAP_ANONYMOUS, -1, 0) = 0x7f096bde6000
read(0, "pipex \ndkfjdjf\npipex\n", 131072) = 21
write(1, "pipex \ndkfjdjf\npipex\n", 21) = -1 EPIPE (Broken pipe)
--- SIGPIPE {si_signo=SIGPIPE, si_code=SI_USER, si_pid=2083443, si_uid=108069} ---
+++ killed by SIGPIPE +++
